<?xml version="1.0" encoding="UTF-8"?>
<!-- Generated by org.testng.reporters.JUnitReportReporter -->
<testsuite hostname="DESKTOP-PG2SG9P" failures="0" tests="1" name="testcases.LoginTest" time="14.077" errors="0" timestamp="2023-11-22T19:46:19 IST" skipped="0">
  <testcase classname="testcases.LoginTest" name="logintest" time="14.077"/>
</testsuite> <!-- testcases.LoginTest -->
