<?xml version="1.0" encoding="UTF-8"?>
<!-- Generated by org.testng.reporters.JUnitReportReporter -->
<testsuite hostname="DESKTOP-PG2SG9P" failures="0" tests="1" name="assignments_testcases.LoginTest_Assignment" time="13.355" errors="0" timestamp="2023-12-04T20:54:43 IST" skipped="0">
  <testcase classname="assignments_testcases.LoginTest_Assignment" name="logintest" time="13.355"/>
</testsuite> <!-- assignments_testcases.LoginTest_Assignment -->
